{"C:\\SoftProjects\\Ejercicios\\Node\\Training\\ejercicio_gaspre\\src\\domain\\datasources\\category\\root.datasource.ts": {"path":"C:\\SoftProjects\\Ejercicios\\Node\\Training\\ejercicio_gaspre\\src\\domain\\datasources\\category\\root.datasource.ts","all":false,"statementMap":{"0":{"start":{"line":1,"column":0},"end":{"line":1,"column":63}},"1":{"start":{"line":2,"column":0},"end":{"line":2,"column":0}},"2":{"start":{"line":3,"column":0},"end":{"line":3,"column":0}},"3":{"start":{"line":4,"column":0},"end":{"line":4,"column":17}},"4":{"start":{"line":5,"column":0},"end":{"line":5,"column":39}},"5":{"start":{"line":6,"column":0},"end":{"line":6,"column":0}},"6":{"start":{"line":7,"column":0},"end":{"line":7,"column":23}},"7":{"start":{"line":8,"column":0},"end":{"line":8,"column":21}},"8":{"start":{"line":9,"column":0},"end":{"line":9,"column":3}},"9":{"start":{"line":10,"column":0},"end":{"line":10,"column":0}},"10":{"start":{"line":11,"column":0},"end":{"line":11,"column":26}},"11":{"start":{"line":12,"column":0},"end":{"line":12,"column":21}},"12":{"start":{"line":13,"column":0},"end":{"line":13,"column":3}},"13":{"start":{"line":14,"column":0},"end":{"line":14,"column":0}},"14":{"start":{"line":15,"column":0},"end":{"line":15,"column":11}},"15":{"start":{"line":16,"column":0},"end":{"line":16,"column":21}},"16":{"start":{"line":17,"column":0},"end":{"line":17,"column":3}},"17":{"start":{"line":18,"column":0},"end":{"line":18,"column":1}},"18":{"start":{"line":19,"column":0},"end":{"line":19,"column":0}},"19":{"start":{"line":20,"column":0},"end":{"line":20,"column":41}}},"s":{"0":1,"1":1,"2":1,"3":1,"4":1,"5":1,"6":1,"7":1,"8":1,"9":1,"10":1,"11":2,"12":2,"13":1,"14":1,"15":1,"16":1,"17":1,"18":1,"19":1},"branchMap":{"0":{"type":"branch","line":5,"loc":{"start":{"line":5,"column":10},"end":{"line":5,"column":38}},"locations":[{"start":{"line":5,"column":10},"end":{"line":5,"column":38}}]},"1":{"type":"branch","line":7,"loc":{"start":{"line":7,"column":2},"end":{"line":9,"column":3}},"locations":[{"start":{"line":7,"column":2},"end":{"line":9,"column":3}}]},"2":{"type":"branch","line":11,"loc":{"start":{"line":11,"column":2},"end":{"line":13,"column":3}},"locations":[{"start":{"line":11,"column":2},"end":{"line":13,"column":3}}]},"3":{"type":"branch","line":15,"loc":{"start":{"line":15,"column":2},"end":{"line":17,"column":3}},"locations":[{"start":{"line":15,"column":2},"end":{"line":17,"column":3}}]}},"b":{"0":[1],"1":[1],"2":[2],"3":[1]},"fnMap":{"0":{"name":"<instance_members_initializer>","decl":{"start":{"line":5,"column":10},"end":{"line":5,"column":38}},"loc":{"start":{"line":5,"column":10},"end":{"line":5,"column":38}},"line":5},"1":{"name":"set","decl":{"start":{"line":7,"column":2},"end":{"line":9,"column":3}},"loc":{"start":{"line":7,"column":2},"end":{"line":9,"column":3}},"line":7},"2":{"name":"get","decl":{"start":{"line":11,"column":2},"end":{"line":13,"column":3}},"loc":{"start":{"line":11,"column":2},"end":{"line":13,"column":3}},"line":11},"3":{"name":"clear","decl":{"start":{"line":15,"column":2},"end":{"line":17,"column":3}},"loc":{"start":{"line":15,"column":2},"end":{"line":17,"column":3}},"line":15}},"f":{"0":1,"1":1,"2":2,"3":1}}
,"C:\\SoftProjects\\Ejercicios\\Node\\Training\\ejercicio_gaspre\\src\\shared\\utils\\build-index.utils.ts": {"path":"C:\\SoftProjects\\Ejercicios\\Node\\Training\\ejercicio_gaspre\\src\\shared\\utils\\build-index.utils.ts","all":false,"statementMap":{"0":{"start":{"line":1,"column":0},"end":{"line":1,"column":53}},"1":{"start":{"line":2,"column":0},"end":{"line":2,"column":0}},"2":{"start":{"line":3,"column":0},"end":{"line":3,"column":57}},"3":{"start":{"line":4,"column":0},"end":{"line":4,"column":37}},"4":{"start":{"line":5,"column":0},"end":{"line":5,"column":46}},"5":{"start":{"line":6,"column":0},"end":{"line":6,"column":15}},"6":{"start":{"line":7,"column":0},"end":{"line":7,"column":3}},"7":{"start":{"line":8,"column":0},"end":{"line":8,"column":30}},"8":{"start":{"line":9,"column":0},"end":{"line":9,"column":56}},"9":{"start":{"line":10,"column":0},"end":{"line":10,"column":24}},"10":{"start":{"line":11,"column":0},"end":{"line":11,"column":39}},"11":{"start":{"line":12,"column":0},"end":{"line":12,"column":5}},"12":{"start":{"line":13,"column":0},"end":{"line":13,"column":0}},"13":{"start":{"line":14,"column":0},"end":{"line":14,"column":27}},"14":{"start":{"line":15,"column":0},"end":{"line":15,"column":0}},"15":{"start":{"line":16,"column":0},"end":{"line":16,"column":51}},"16":{"start":{"line":17,"column":0},"end":{"line":17,"column":17}},"17":{"start":{"line":18,"column":0},"end":{"line":18,"column":5}},"18":{"start":{"line":19,"column":0},"end":{"line":19,"column":4}},"19":{"start":{"line":20,"column":0},"end":{"line":20,"column":0}},"20":{"start":{"line":21,"column":0},"end":{"line":21,"column":12}},"21":{"start":{"line":22,"column":0},"end":{"line":22,"column":0}},"22":{"start":{"line":23,"column":0},"end":{"line":23,"column":13}},"23":{"start":{"line":24,"column":0},"end":{"line":24,"column":1}}},"s":{"0":1,"1":1,"2":1,"3":1,"4":1,"5":0,"6":0,"7":1,"8":6,"9":6,"10":0,"11":0,"12":6,"13":6,"14":6,"15":6,"16":5,"17":5,"18":1,"19":1,"20":1,"21":1,"22":1,"23":1},"branchMap":{"0":{"type":"branch","line":3,"loc":{"start":{"line":3,"column":0},"end":{"line":24,"column":1}},"locations":[{"start":{"line":3,"column":0},"end":{"line":24,"column":1}}]},"1":{"type":"branch","line":5,"loc":{"start":{"line":5,"column":45},"end":{"line":7,"column":3}},"locations":[{"start":{"line":5,"column":45},"end":{"line":7,"column":3}}]},"2":{"type":"branch","line":8,"loc":{"start":{"line":8,"column":14},"end":{"line":19,"column":3}},"locations":[{"start":{"line":8,"column":14},"end":{"line":19,"column":3}}]},"3":{"type":"branch","line":10,"loc":{"start":{"line":10,"column":23},"end":{"line":12,"column":5}},"locations":[{"start":{"line":10,"column":23},"end":{"line":12,"column":5}}]},"4":{"type":"branch","line":16,"loc":{"start":{"line":16,"column":42},"end":{"line":16,"column":48}},"locations":[{"start":{"line":16,"column":42},"end":{"line":16,"column":48}}]},"5":{"type":"branch","line":16,"loc":{"start":{"line":16,"column":50},"end":{"line":18,"column":5}},"locations":[{"start":{"line":16,"column":50},"end":{"line":18,"column":5}}]}},"b":{"0":[1],"1":[0],"2":[6],"3":[0],"4":[0],"5":[5]},"fnMap":{"0":{"name":"buildIndex","decl":{"start":{"line":3,"column":0},"end":{"line":24,"column":1}},"loc":{"start":{"line":3,"column":0},"end":{"line":24,"column":1}},"line":3},"1":{"name":"dfs","decl":{"start":{"line":8,"column":14},"end":{"line":19,"column":3}},"loc":{"start":{"line":8,"column":14},"end":{"line":19,"column":3}},"line":8}},"f":{"0":1,"1":6}}
,"C:\\SoftProjects\\Ejercicios\\Node\\Training\\ejercicio_gaspre\\src\\shared\\utils\\detect-cycle.utils.ts": {"path":"C:\\SoftProjects\\Ejercicios\\Node\\Training\\ejercicio_gaspre\\src\\shared\\utils\\detect-cycle.utils.ts","all":false,"statementMap":{"0":{"start":{"line":1,"column":0},"end":{"line":1,"column":52}},"1":{"start":{"line":2,"column":0},"end":{"line":2,"column":36}},"2":{"start":{"line":3,"column":0},"end":{"line":3,"column":34}},"3":{"start":{"line":4,"column":0},"end":{"line":4,"column":0}},"4":{"start":{"line":5,"column":0},"end":{"line":5,"column":36}},"5":{"start":{"line":6,"column":0},"end":{"line":6,"column":28}},"6":{"start":{"line":7,"column":0},"end":{"line":7,"column":0}},"7":{"start":{"line":8,"column":0},"end":{"line":8,"column":40}},"8":{"start":{"line":9,"column":0},"end":{"line":9,"column":43}},"9":{"start":{"line":10,"column":0},"end":{"line":10,"column":0}},"10":{"start":{"line":11,"column":0},"end":{"line":11,"column":25}},"11":{"start":{"line":12,"column":0},"end":{"line":12,"column":23}},"12":{"start":{"line":13,"column":0},"end":{"line":13,"column":0}},"13":{"start":{"line":14,"column":0},"end":{"line":14,"column":51}},"14":{"start":{"line":15,"column":0},"end":{"line":15,"column":34}},"15":{"start":{"line":16,"column":0},"end":{"line":16,"column":5}},"16":{"start":{"line":17,"column":0},"end":{"line":17,"column":0}},"17":{"start":{"line":18,"column":0},"end":{"line":18,"column":26}},"18":{"start":{"line":19,"column":0},"end":{"line":19,"column":17}},"19":{"start":{"line":20,"column":0},"end":{"line":20,"column":3}},"20":{"start":{"line":21,"column":0},"end":{"line":21,"column":0}},"21":{"start":{"line":22,"column":0},"end":{"line":22,"column":19}},"22":{"start":{"line":23,"column":0},"end":{"line":23,"column":1}}},"s":{"0":1,"1":1,"2":1,"3":1,"4":1,"5":6,"6":6,"7":6,"8":6,"9":6,"10":6,"11":6,"12":6,"13":6,"14":5,"15":5,"16":6,"17":6,"18":6,"19":6,"20":1,"21":1,"22":1},"branchMap":{"0":{"type":"branch","line":1,"loc":{"start":{"line":1,"column":27},"end":{"line":23,"column":1}},"locations":[{"start":{"line":1,"column":27},"end":{"line":23,"column":1}}]},"1":{"type":"branch","line":5,"loc":{"start":{"line":5,"column":2},"end":{"line":20,"column":3}},"locations":[{"start":{"line":5,"column":2},"end":{"line":20,"column":3}}]},"2":{"type":"branch","line":6,"loc":{"start":{"line":6,"column":15},"end":{"line":6,"column":28}},"locations":[{"start":{"line":6,"column":15},"end":{"line":6,"column":28}}]},"3":{"type":"branch","line":8,"loc":{"start":{"line":8,"column":28},"end":{"line":8,"column":40}},"locations":[{"start":{"line":8,"column":28},"end":{"line":8,"column":40}}]},"4":{"type":"branch","line":9,"loc":{"start":{"line":9,"column":30},"end":{"line":9,"column":43}},"locations":[{"start":{"line":9,"column":30},"end":{"line":9,"column":43}}]},"5":{"type":"branch","line":14,"loc":{"start":{"line":14,"column":42},"end":{"line":14,"column":48}},"locations":[{"start":{"line":14,"column":42},"end":{"line":14,"column":48}}]},"6":{"type":"branch","line":14,"loc":{"start":{"line":14,"column":50},"end":{"line":16,"column":5}},"locations":[{"start":{"line":14,"column":50},"end":{"line":16,"column":5}}]},"7":{"type":"branch","line":15,"loc":{"start":{"line":15,"column":22},"end":{"line":15,"column":34}},"locations":[{"start":{"line":15,"column":22},"end":{"line":15,"column":34}}]}},"b":{"0":[1],"1":[6],"2":[0],"3":[0],"4":[0],"5":[0],"6":[5],"7":[0]},"fnMap":{"0":{"name":"detectCycle","decl":{"start":{"line":1,"column":27},"end":{"line":23,"column":1}},"loc":{"start":{"line":1,"column":27},"end":{"line":23,"column":1}},"line":1},"1":{"name":"dfs","decl":{"start":{"line":5,"column":2},"end":{"line":20,"column":3}},"loc":{"start":{"line":5,"column":2},"end":{"line":20,"column":3}},"line":5}},"f":{"0":1,"1":6}}
,"C:\\SoftProjects\\Ejercicios\\Node\\Training\\ejercicio_gaspre\\src\\shared\\utils\\validate-node.utils.ts": {"path":"C:\\SoftProjects\\Ejercicios\\Node\\Training\\ejercicio_gaspre\\src\\shared\\utils\\validate-node.utils.ts","all":false,"statementMap":{"0":{"start":{"line":1,"column":0},"end":{"line":1,"column":0}},"1":{"start":{"line":2,"column":0},"end":{"line":2,"column":82}},"2":{"start":{"line":3,"column":0},"end":{"line":3,"column":42}},"3":{"start":{"line":4,"column":0},"end":{"line":4,"column":26}},"4":{"start":{"line":5,"column":0},"end":{"line":5,"column":3}},"5":{"start":{"line":6,"column":0},"end":{"line":6,"column":0}},"6":{"start":{"line":7,"column":0},"end":{"line":7,"column":36}},"7":{"start":{"line":8,"column":0},"end":{"line":8,"column":24}},"8":{"start":{"line":9,"column":0},"end":{"line":9,"column":3}},"9":{"start":{"line":10,"column":0},"end":{"line":10,"column":0}},"10":{"start":{"line":11,"column":0},"end":{"line":11,"column":40}},"11":{"start":{"line":12,"column":0},"end":{"line":12,"column":26}},"12":{"start":{"line":13,"column":0},"end":{"line":13,"column":3}},"13":{"start":{"line":14,"column":0},"end":{"line":14,"column":0}},"14":{"start":{"line":15,"column":0},"end":{"line":15,"column":25}},"15":{"start":{"line":16,"column":0},"end":{"line":16,"column":48}},"16":{"start":{"line":17,"column":0},"end":{"line":17,"column":3}},"17":{"start":{"line":18,"column":0},"end":{"line":18,"column":0}},"18":{"start":{"line":19,"column":0},"end":{"line":19,"column":6}},"19":{"start":{"line":20,"column":0},"end":{"line":20,"column":39}},"20":{"start":{"line":21,"column":0},"end":{"line":21,"column":38}},"21":{"start":{"line":22,"column":0},"end":{"line":22,"column":5}},"22":{"start":{"line":23,"column":0},"end":{"line":23,"column":35}},"23":{"start":{"line":24,"column":0},"end":{"line":24,"column":3}},"24":{"start":{"line":25,"column":0},"end":{"line":25,"column":0}},"25":{"start":{"line":26,"column":0},"end":{"line":26,"column":14}},"26":{"start":{"line":27,"column":0},"end":{"line":27,"column":1}}},"s":{"0":1,"1":1,"2":18,"3":6,"4":6,"5":12,"6":18,"7":3,"8":3,"9":9,"10":18,"11":1,"12":1,"13":8,"14":18,"15":0,"16":0,"17":8,"18":8,"19":8,"20":8,"21":18,"22":1,"23":1,"24":7,"25":7,"26":7},"branchMap":{"0":{"type":"branch","line":2,"loc":{"start":{"line":2,"column":28},"end":{"line":27,"column":1}},"locations":[{"start":{"line":2,"column":28},"end":{"line":27,"column":1}}]},"1":{"type":"branch","line":3,"loc":{"start":{"line":3,"column":11},"end":{"line":3,"column":39}},"locations":[{"start":{"line":3,"column":11},"end":{"line":3,"column":39}}]},"2":{"type":"branch","line":3,"loc":{"start":{"line":3,"column":41},"end":{"line":7,"column":35}},"locations":[{"start":{"line":3,"column":41},"end":{"line":7,"column":35}}]},"3":{"type":"branch","line":3,"loc":{"start":{"line":3,"column":41},"end":{"line":5,"column":3}},"locations":[{"start":{"line":3,"column":41},"end":{"line":5,"column":3}}]},"4":{"type":"branch","line":7,"loc":{"start":{"line":7,"column":35},"end":{"line":11,"column":20}},"locations":[{"start":{"line":7,"column":35},"end":{"line":11,"column":20}}]},"5":{"type":"branch","line":7,"loc":{"start":{"line":7,"column":35},"end":{"line":9,"column":3}},"locations":[{"start":{"line":7,"column":35},"end":{"line":9,"column":3}}]},"6":{"type":"branch","line":11,"loc":{"start":{"line":11,"column":16},"end":{"line":11,"column":37}},"locations":[{"start":{"line":11,"column":16},"end":{"line":11,"column":37}}]},"7":{"type":"branch","line":11,"loc":{"start":{"line":11,"column":39},"end":{"line":13,"column":3}},"locations":[{"start":{"line":11,"column":39},"end":{"line":13,"column":3}}]},"8":{"type":"branch","line":14,"loc":{"start":{"line":14,"column":-2},"end":{"line":15,"column":24}},"locations":[{"start":{"line":14,"column":-2},"end":{"line":15,"column":24}}]},"9":{"type":"branch","line":15,"loc":{"start":{"line":15,"column":24},"end":{"line":17,"column":3}},"locations":[{"start":{"line":15,"column":24},"end":{"line":17,"column":3}}]},"10":{"type":"branch","line":18,"loc":{"start":{"line":18,"column":-2},"end":{"line":21,"column":38}},"locations":[{"start":{"line":18,"column":-2},"end":{"line":21,"column":38}}]},"11":{"type":"branch","line":22,"loc":{"start":{"line":22,"column":4},"end":{"line":27,"column":1}},"locations":[{"start":{"line":22,"column":4},"end":{"line":27,"column":1}}]},"12":{"type":"branch","line":22,"loc":{"start":{"line":22,"column":4},"end":{"line":24,"column":3}},"locations":[{"start":{"line":22,"column":4},"end":{"line":24,"column":3}}]}},"b":{"0":[18],"1":[15],"2":[12],"3":[6],"4":[9],"5":[3],"6":[8],"7":[1],"8":[8],"9":[0],"10":[8],"11":[7],"12":[1]},"fnMap":{"0":{"name":"validateNode","decl":{"start":{"line":2,"column":28},"end":{"line":27,"column":1}},"loc":{"start":{"line":2,"column":28},"end":{"line":27,"column":1}},"line":2}},"f":{"0":18}}
}
