TN:
SF:src\domain\datasources\category\root.datasource.ts
FN:5,<instance_members_initializer>
FN:7,set
FN:11,get
FN:15,clear
FNF:4
FNH:4
FNDA:1,<instance_members_initializer>
FNDA:1,set
FNDA:2,get
FNDA:1,clear
DA:1,1
DA:2,1
DA:3,1
DA:4,1
DA:5,1
DA:6,1
DA:7,1
DA:8,1
DA:9,1
DA:10,1
DA:11,1
DA:12,2
DA:13,2
DA:14,1
DA:15,1
DA:16,1
DA:17,1
DA:18,1
DA:19,1
DA:20,1
LF:20
LH:20
BRDA:5,0,0,1
BRDA:7,1,0,1
BRDA:11,2,0,2
BRDA:15,3,0,1
BRF:4
BRH:4
end_of_record
TN:
SF:src\shared\utils\build-index.utils.ts
FN:3,buildIndex
FN:8,dfs
FNF:2
FNH:2
FNDA:1,buildIndex
FNDA:6,dfs
DA:1,1
DA:2,1
DA:3,1
DA:4,1
DA:5,1
DA:6,0
DA:7,0
DA:8,1
DA:9,6
DA:10,6
DA:11,0
DA:12,0
DA:13,6
DA:14,6
DA:15,6
DA:16,6
DA:17,5
DA:18,5
DA:19,1
DA:20,1
DA:21,1
DA:22,1
DA:23,1
DA:24,1
LF:24
LH:20
BRDA:3,0,0,1
BRDA:5,1,0,0
BRDA:8,2,0,6
BRDA:10,3,0,0
BRDA:16,4,0,0
BRDA:16,5,0,5
BRF:6
BRH:3
end_of_record
TN:
SF:src\shared\utils\detect-cycle.utils.ts
FN:1,detectCycle
FN:5,dfs
FNF:2
FNH:2
FNDA:1,detectCycle
FNDA:6,dfs
DA:1,1
DA:2,1
DA:3,1
DA:4,1
DA:5,1
DA:6,6
DA:7,6
DA:8,6
DA:9,6
DA:10,6
DA:11,6
DA:12,6
DA:13,6
DA:14,6
DA:15,5
DA:16,5
DA:17,6
DA:18,6
DA:19,6
DA:20,6
DA:21,1
DA:22,1
DA:23,1
LF:23
LH:23
BRDA:1,0,0,1
BRDA:5,1,0,6
BRDA:6,2,0,0
BRDA:8,3,0,0
BRDA:9,4,0,0
BRDA:14,5,0,0
BRDA:14,6,0,5
BRDA:15,7,0,0
BRF:8
BRH:3
end_of_record
TN:
SF:src\shared\utils\validate-node.utils.ts
FN:2,validateNode
FNF:1
FNH:1
FNDA:18,validateNode
DA:1,1
DA:2,1
DA:3,18
DA:4,6
DA:5,6
DA:6,12
DA:7,18
DA:8,3
DA:9,3
DA:10,9
DA:11,18
DA:12,1
DA:13,1
DA:14,8
DA:15,18
DA:16,0
DA:17,0
DA:18,8
DA:19,8
DA:20,8
DA:21,8
DA:22,18
DA:23,1
DA:24,1
DA:25,7
DA:26,7
DA:27,7
LF:27
LH:25
BRDA:2,0,0,18
BRDA:3,1,0,15
BRDA:3,2,0,12
BRDA:3,3,0,6
BRDA:7,4,0,9
BRDA:7,5,0,3
BRDA:11,6,0,8
BRDA:11,7,0,1
BRDA:14,8,0,8
BRDA:15,9,0,0
BRDA:18,10,0,8
BRDA:22,11,0,7
BRDA:22,12,0,1
BRF:13
BRH:12
end_of_record
